android/.build/app/intermediates/manifest_merge_blame_file/debug/manifest-merger-blame-debug-report.txt
1<?xml version="1.0" encoding="utf-8"?>
2<manifest xmlns:android="http://schemas.android.com/apk/res/android"
3    package="com.tinderreact"
4    android:versionCode="1"
5    android:versionName="1.0" >
6
7    <uses-sdk
8        android:minSdkVersion="16"
8-->src\main\AndroidManifest.xml
9        android:targetSdkVersion="26" />
9-->src\main\AndroidManifest.xml
10
11    <uses-permission android:name="android.permission.INTERNET" />
11-->src\main\AndroidManifest.xml:4:5-67
11-->src\main\AndroidManifest.xml:4:22-64
12    <uses-permission android:name="android.permission.SYSTEM_ALERT_WINDOW" />
12-->src\main\AndroidManifest.xml:5:5-77
12-->src\main\AndroidManifest.xml:5:22-75
13    <uses-permission android:name="android.permission.CAMERA" />
13-->src\main\AndroidManifest.xml:6:5-65
13-->src\main\AndroidManifest.xml:6:22-62
14    <uses-permission android:name="android.permission.WRITE_EXTERNAL_STORAGE" />
14-->src\main\AndroidManifest.xml:7:5-80
14-->src\main\AndroidManifest.xml:7:22-78
15    <uses-permission android:name="android.permission.VIBRATE" />
15-->src\main\AndroidManifest.xml:8:5-66
15-->src\main\AndroidManifest.xml:8:22-63
16    <uses-permission android:name="android.permission.RECEIVE_BOOT_COMPLETED" />
16-->src\main\AndroidManifest.xml:9:5-80
16-->src\main\AndroidManifest.xml:9:22-78
17
18    <uses-feature
18-->src\main\AndroidManifest.xml:12:5-85
19        android:name="android.hardware.camera"
19-->src\main\AndroidManifest.xml:12:19-57
20        android:required="false" />
20-->src\main\AndroidManifest.xml:12:58-82
21    <uses-feature
21-->src\main\AndroidManifest.xml:13:5-91
22        android:name="android.hardware.camera.front"
22-->src\main\AndroidManifest.xml:13:19-63
23        android:required="false" />
23-->src\main\AndroidManifest.xml:13:64-88
24
25    <uses-permission android:name="android.permission.ACCESS_NETWORK_STATE" />
25-->[com.google.firebase:firebase-iid:20.2.3] AndroidManifest.xml:22:5-79
25-->[com.google.firebase:firebase-iid:20.2.3] AndroidManifest.xml:22:22-76
26    <uses-permission android:name="android.permission.WAKE_LOCK" /> <!-- Required by older versions of Google Play services to create IID tokens -->
26-->[com.google.firebase:firebase-iid:20.2.3] AndroidManifest.xml:24:5-68
26-->[com.google.firebase:firebase-iid:20.2.3] AndroidManifest.xml:24:22-65
27    <uses-permission android:name="com.google.android.c2dm.permission.RECEIVE" /> <!-- for android -->
27-->[com.google.firebase:firebase-iid:20.2.3] AndroidManifest.xml:26:5-82
27-->[com.google.firebase:firebase-iid:20.2.3] AndroidManifest.xml:26:22-79
28    <!-- <uses-permission android:name="com.android.launcher.permission.READ_SETTINGS"/> -->
29    <!-- <uses-permission android:name="com.android.launcher.permission.WRITE_SETTINGS"/> -->
30    <!-- <uses-permission android:name="com.android.launcher.permission.INSTALL_SHORTCUT" /> -->
31    <!-- <uses-permission android:name="com.android.launcher.permission.UNINSTALL_SHORTCUT" /> -->
32    <!-- for Samsung -->
33    <uses-permission android:name="com.sec.android.provider.badge.permission.READ" />
33-->[me.leolin:ShortcutBadger:1.1.22] AndroidManifest.xml:19:5-86
33-->[me.leolin:ShortcutBadger:1.1.22] AndroidManifest.xml:19:22-83
34    <uses-permission android:name="com.sec.android.provider.badge.permission.WRITE" /> <!-- for htc -->
34-->[me.leolin:ShortcutBadger:1.1.22] AndroidManifest.xml:20:5-87
34-->[me.leolin:ShortcutBadger:1.1.22] AndroidManifest.xml:20:22-84
35    <uses-permission android:name="com.htc.launcher.permission.READ_SETTINGS" />
35-->[me.leolin:ShortcutBadger:1.1.22] AndroidManifest.xml:23:5-81
35-->[me.leolin:ShortcutBadger:1.1.22] AndroidManifest.xml:23:22-78
36    <uses-permission android:name="com.htc.launcher.permission.UPDATE_SHORTCUT" /> <!-- for sony -->
36-->[me.leolin:ShortcutBadger:1.1.22] AndroidManifest.xml:24:5-83
36-->[me.leolin:ShortcutBadger:1.1.22] AndroidManifest.xml:24:22-80
37    <uses-permission android:name="com.sonyericsson.home.permission.BROADCAST_BADGE" />
37-->[me.leolin:ShortcutBadger:1.1.22] AndroidManifest.xml:27:5-88
37-->[me.leolin:ShortcutBadger:1.1.22] AndroidManifest.xml:27:22-85
38    <uses-permission android:name="com.sonymobile.home.permission.PROVIDER_INSERT_BADGE" /> <!-- for apex -->
38-->[me.leolin:ShortcutBadger:1.1.22] AndroidManifest.xml:28:5-92
38-->[me.leolin:ShortcutBadger:1.1.22] AndroidManifest.xml:28:22-89
39    <uses-permission android:name="com.anddoes.launcher.permission.UPDATE_COUNT" /> <!-- for solid -->
39-->[me.leolin:ShortcutBadger:1.1.22] AndroidManifest.xml:31:5-84
39-->[me.leolin:ShortcutBadger:1.1.22] AndroidManifest.xml:31:22-81
40    <uses-permission android:name="com.majeur.launcher.permission.UPDATE_BADGE" /> <!-- for huawei -->
40-->[me.leolin:ShortcutBadger:1.1.22] AndroidManifest.xml:34:5-83
40-->[me.leolin:ShortcutBadger:1.1.22] AndroidManifest.xml:34:22-80
41    <uses-permission android:name="com.huawei.android.launcher.permission.CHANGE_BADGE" />
41-->[me.leolin:ShortcutBadger:1.1.22] AndroidManifest.xml:37:5-91
41-->[me.leolin:ShortcutBadger:1.1.22] AndroidManifest.xml:37:22-88
42    <uses-permission android:name="com.huawei.android.launcher.permission.READ_SETTINGS" />
42-->[me.leolin:ShortcutBadger:1.1.22] AndroidManifest.xml:38:5-92
42-->[me.leolin:ShortcutBadger:1.1.22] AndroidManifest.xml:38:22-89
43    <uses-permission android:name="com.huawei.android.launcher.permission.WRITE_SETTINGS" /> <!-- for ZUK -->
43-->[me.leolin:ShortcutBadger:1.1.22] AndroidManifest.xml:39:5-93
43-->[me.leolin:ShortcutBadger:1.1.22] AndroidManifest.xml:39:22-90
44    <uses-permission android:name="android.permission.READ_APP_BADGE" /> <!-- for OPPO -->
44-->[me.leolin:ShortcutBadger:1.1.22] AndroidManifest.xml:42:5-73
44-->[me.leolin:ShortcutBadger:1.1.22] AndroidManifest.xml:42:22-70
45    <uses-permission android:name="com.oppo.launcher.permission.READ_SETTINGS" />
45-->[me.leolin:ShortcutBadger:1.1.22] AndroidManifest.xml:45:5-82
45-->[me.leolin:ShortcutBadger:1.1.22] AndroidManifest.xml:45:22-79
46    <uses-permission android:name="com.oppo.launcher.permission.WRITE_SETTINGS" /> <!-- for EvMe -->
46-->[me.leolin:ShortcutBadger:1.1.22] AndroidManifest.xml:46:5-83
46-->[me.leolin:ShortcutBadger:1.1.22] AndroidManifest.xml:46:22-80
47    <uses-permission android:name="me.everything.badger.permission.BADGE_COUNT_READ" />
47-->[me.leolin:ShortcutBadger:1.1.22] AndroidManifest.xml:49:5-88
47-->[me.leolin:ShortcutBadger:1.1.22] AndroidManifest.xml:49:22-85
48    <uses-permission android:name="me.everything.badger.permission.BADGE_COUNT_WRITE" />
48-->[me.leolin:ShortcutBadger:1.1.22] AndroidManifest.xml:50:5-89
48-->[me.leolin:ShortcutBadger:1.1.22] AndroidManifest.xml:50:22-86
49
50    <application
50-->src\main\AndroidManifest.xml:15:5-58:19
51        android:name="com.tinderreact.MainApplication"
51-->src\main\AndroidManifest.xml:16:7-38
52        android:allowBackup="false"
52-->src\main\AndroidManifest.xml:19:7-34
53        android:appComponentFactory="androidx.core.app.CoreComponentFactory"
53-->[androidx.core:core:1.1.0] AndroidManifest.xml:24:18-86
54        android:debuggable="true"
55        android:icon="@mipmap/ic_launcher"
55-->src\main\AndroidManifest.xml:18:7-41
56        android:label="@string/app_name"
56-->src\main\AndroidManifest.xml:17:7-39
57        android:theme="@style/AppTheme" >
57-->src\main\AndroidManifest.xml:20:7-38
58        <meta-data
58-->src\main\AndroidManifest.xml:22:8-23:65
59            android:name="com.dieam.reactnativepushnotification.notification_channel_name"
59-->src\main\AndroidManifest.xml:22:20-98
60            android:value="YOUR NOTIFICATION CHANNEL NAME" />
60-->src\main\AndroidManifest.xml:23:17-63
61        <meta-data
61-->src\main\AndroidManifest.xml:24:9-25:76
62            android:name="com.dieam.reactnativepushnotification.notification_channel_description"
62-->src\main\AndroidManifest.xml:24:21-106
63            android:value="YOUR NOTIFICATION CHANNEL DESCRIPTION" />
63-->src\main\AndroidManifest.xml:25:21-74
64        <meta-data
64-->src\main\AndroidManifest.xml:26:21-27:43
65            android:name="com.dieam.reactnativepushnotification.channel_create_default"
65-->src\main\AndroidManifest.xml:26:33-108
66            android:value="true" />
66-->src\main\AndroidManifest.xml:27:21-41
67        <meta-data
67-->src\main\AndroidManifest.xml:28:22-29:54
68            android:name="com.dieam.reactnativepushnotification.notification_color"
68-->src\main\AndroidManifest.xml:28:34-105
69            android:resource="@color/white" /> <!-- or @android:color/{name} to use a standard color -->
69-->src\main\AndroidManifest.xml:29:21-52
70
71        <receiver android:name="com.dieam.reactnativepushnotification.modules.RNPushNotificationActions" />
71-->src\main\AndroidManifest.xml:31:9-108
71-->src\main\AndroidManifest.xml:31:19-105
72        <receiver android:name="com.dieam.reactnativepushnotification.modules.RNPushNotificationPublisher" />
72-->src\main\AndroidManifest.xml:32:9-110
72-->src\main\AndroidManifest.xml:32:19-107
73        <receiver android:name="com.dieam.reactnativepushnotification.modules.RNPushNotificationBootEventReceiver" >
73-->src\main\AndroidManifest.xml:33:9-37:20
73-->src\main\AndroidManifest.xml:33:19-115
74            <intent-filter>
74-->src\main\AndroidManifest.xml:34:13-36:29
75                <action android:name="android.intent.action.BOOT_COMPLETED" />
75-->src\main\AndroidManifest.xml:35:17-79
75-->src\main\AndroidManifest.xml:35:25-76
76            </intent-filter>
77        </receiver>
78
79        <service
79-->src\main\AndroidManifest.xml:39:9-45:19
80            android:name="com.dieam.reactnativepushnotification.modules.RNPushNotificationListenerService"
80-->src\main\AndroidManifest.xml:40:13-107
81            android:exported="false" >
81-->src\main\AndroidManifest.xml:41:13-37
82            <intent-filter>
82-->src\main\AndroidManifest.xml:42:13-44:29
83                <action android:name="com.google.firebase.MESSAGING_EVENT" />
83-->src\main\AndroidManifest.xml:43:17-78
83-->src\main\AndroidManifest.xml:43:25-75
84            </intent-filter>
85        </service>
86
87        <activity
87-->src\main\AndroidManifest.xml:47:7-56:18
88            android:name="com.tinderreact.MainActivity"
88-->src\main\AndroidManifest.xml:48:9-37
89            android:configChanges="keyboard|keyboardHidden|orientation|screenSize"
89-->src\main\AndroidManifest.xml:50:9-79
90            android:label="@string/app_name"
90-->src\main\AndroidManifest.xml:49:9-41
91            android:windowSoftInputMode="adjustResize" >
91-->src\main\AndroidManifest.xml:51:9-51
92            <intent-filter>
92-->src\main\AndroidManifest.xml:52:9-55:25
93                <action android:name="android.intent.action.MAIN" />
93-->src\main\AndroidManifest.xml:53:13-65
93-->src\main\AndroidManifest.xml:53:21-62
94
95                <category android:name="android.intent.category.LAUNCHER" />
95-->src\main\AndroidManifest.xml:54:13-73
95-->src\main\AndroidManifest.xml:54:23-70
96            </intent-filter>
97        </activity>
98        <activity android:name="com.facebook.react.devsupport.DevSettingsActivity" />
98-->src\main\AndroidManifest.xml:57:7-84
98-->src\main\AndroidManifest.xml:57:17-81
99
100        <provider
100-->[:react-native-image-crop-picker] AndroidManifest.xml:13:9-21:20
101            android:name="androidx.core.content.FileProvider"
101-->[:react-native-image-crop-picker] AndroidManifest.xml:14:13-62
102            android:authorities="com.tinderreact.provider"
102-->[:react-native-image-crop-picker] AndroidManifest.xml:15:13-60
103            android:exported="false"
103-->[:react-native-image-crop-picker] AndroidManifest.xml:16:13-37
104            android:grantUriPermissions="true" >
104-->[:react-native-image-crop-picker] AndroidManifest.xml:17:13-47
105            <meta-data
105-->[:react-native-image-crop-picker] AndroidManifest.xml:18:13-20:58
106                android:name="android.support.FILE_PROVIDER_PATHS"
106-->[:react-native-image-crop-picker] AndroidManifest.xml:19:17-67
107                android:resource="@xml/provider_paths" />
107-->[:react-native-image-crop-picker] AndroidManifest.xml:20:17-55
108        </provider>
109
110        <activity
110-->[:react-native-image-crop-picker] AndroidManifest.xml:23:9-25:72
111            android:name="com.yalantis.ucrop.UCropActivity"
111-->[:react-native-image-crop-picker] AndroidManifest.xml:24:13-60
112            android:theme="@style/Theme.AppCompat.Light.NoActionBar" />
112-->[:react-native-image-crop-picker] AndroidManifest.xml:25:13-69
113
114        <provider
114-->[:react-native-image-picker] AndroidManifest.xml:10:9-18:20
115            android:name="com.imagepicker.FileProvider"
115-->[:react-native-image-picker] AndroidManifest.xml:11:13-56
116            android:authorities="com.tinderreact.provider"
116-->[:react-native-image-picker] AndroidManifest.xml:12:13-60
117            android:exported="false"
117-->[:react-native-image-picker] AndroidManifest.xml:13:13-37
118            android:grantUriPermissions="true" >
118-->[:react-native-image-picker] AndroidManifest.xml:14:13-47
119            <meta-data
119-->[:react-native-image-crop-picker] AndroidManifest.xml:18:13-20:58
120                android:name="android.support.FILE_PROVIDER_PATHS"
120-->[:react-native-image-crop-picker] AndroidManifest.xml:19:17-67
121                android:resource="@xml/provider_paths" />
121-->[:react-native-image-crop-picker] AndroidManifest.xml:20:17-55
122        </provider>
123
124        <meta-data
124-->[com.github.bumptech.glide:okhttp3-integration:4.7.1] AndroidManifest.xml:11:9-13:43
125            android:name="com.bumptech.glide.integration.okhttp3.OkHttpGlideModule"
125-->[com.github.bumptech.glide:okhttp3-integration:4.7.1] AndroidManifest.xml:12:13-84
126            android:value="GlideModule" />
126-->[com.github.bumptech.glide:okhttp3-integration:4.7.1] AndroidManifest.xml:13:13-40
127        <!--
128             FirebaseMessagingService performs security checks at runtime,
129             but set to not exported to explicitly avoid allowing another app to call it.
130        -->
131        <service
131-->[com.google.firebase:firebase-messaging:20.2.4] AndroidManifest.xml:28:9-35:19
132            android:name="com.google.firebase.messaging.FirebaseMessagingService"
132-->[com.google.firebase:firebase-messaging:20.2.4] AndroidManifest.xml:29:13-82
133            android:directBootAware="true"
133-->[com.google.firebase:firebase-messaging:20.2.4] AndroidManifest.xml:30:13-43
134            android:exported="false" >
134-->[com.google.firebase:firebase-messaging:20.2.4] AndroidManifest.xml:31:13-37
135            <intent-filter android:priority="-500" >
135-->src\main\AndroidManifest.xml:42:13-44:29
136                <action android:name="com.google.firebase.MESSAGING_EVENT" />
136-->src\main\AndroidManifest.xml:43:17-78
136-->src\main\AndroidManifest.xml:43:25-75
137            </intent-filter>
138        </service>
139        <service
139-->[com.google.firebase:firebase-messaging:20.2.4] AndroidManifest.xml:36:9-42:19
140            android:name="com.google.firebase.components.ComponentDiscoveryService"
140-->[com.google.firebase:firebase-messaging:20.2.4] AndroidManifest.xml:37:13-84
141            android:directBootAware="true"
141-->[com.google.firebase:firebase-common:19.3.0] AndroidManifest.xml:34:13-43
142            android:exported="false" >
142-->[com.google.firebase:firebase-messaging:20.2.4] AndroidManifest.xml:38:13-37
143            <meta-data
143-->[com.google.firebase:firebase-messaging:20.2.4] AndroidManifest.xml:39:13-41:85
144                android:name="com.google.firebase.components:com.google.firebase.messaging.FirebaseMessagingRegistrar"
144-->[com.google.firebase:firebase-messaging:20.2.4] AndroidManifest.xml:40:17-119
145                android:value="com.google.firebase.components.ComponentRegistrar" />
145-->[com.google.firebase:firebase-messaging:20.2.4] AndroidManifest.xml:41:17-82
146            <meta-data
146-->[com.google.firebase:firebase-iid:20.2.3] AndroidManifest.xml:32:13-34:85
147                android:name="com.google.firebase.components:com.google.firebase.iid.Registrar"
147-->[com.google.firebase:firebase-iid:20.2.3] AndroidManifest.xml:33:17-96
148                android:value="com.google.firebase.components.ComponentRegistrar" />
148-->[com.google.firebase:firebase-iid:20.2.3] AndroidManifest.xml:34:17-82
149            <meta-data
149-->[com.google.firebase:firebase-datatransport:17.0.3] AndroidManifest.xml:28:13-30:85
150                android:name="com.google.firebase.components:com.google.firebase.datatransport.TransportRegistrar"
150-->[com.google.firebase:firebase-datatransport:17.0.3] AndroidManifest.xml:29:17-115
151                android:value="com.google.firebase.components.ComponentRegistrar" />
151-->[com.google.firebase:firebase-datatransport:17.0.3] AndroidManifest.xml:30:17-82
152            <meta-data
152-->[com.google.firebase:firebase-installations:16.3.3] AndroidManifest.xml:17:13-19:85
153                android:name="com.google.firebase.components:com.google.firebase.installations.FirebaseInstallationsRegistrar"
153-->[com.google.firebase:firebase-installations:16.3.3] AndroidManifest.xml:18:17-127
154                android:value="com.google.firebase.components.ComponentRegistrar" />
154-->[com.google.firebase:firebase-installations:16.3.3] AndroidManifest.xml:19:17-82
155        </service>
156
157        <receiver
157-->[com.google.firebase:firebase-iid:20.2.3] AndroidManifest.xml:37:9-44:20
158            android:name="com.google.firebase.iid.FirebaseInstanceIdReceiver"
158-->[com.google.firebase:firebase-iid:20.2.3] AndroidManifest.xml:38:13-78
159            android:exported="true"
159-->[com.google.firebase:firebase-iid:20.2.3] AndroidManifest.xml:39:13-36
160            android:permission="com.google.android.c2dm.permission.SEND" >
160-->[com.google.firebase:firebase-iid:20.2.3] AndroidManifest.xml:40:13-73
161            <intent-filter>
161-->[com.google.firebase:firebase-iid:20.2.3] AndroidManifest.xml:41:13-43:29
162                <action android:name="com.google.android.c2dm.intent.RECEIVE" />
162-->[com.google.firebase:firebase-iid:20.2.3] AndroidManifest.xml:42:17-81
162-->[com.google.firebase:firebase-iid:20.2.3] AndroidManifest.xml:42:25-78
163            </intent-filter>
164        </receiver>
165
166        <provider
166-->[com.google.firebase:firebase-common:19.3.0] AndroidManifest.xml:26:9-30:39
167            android:name="com.google.firebase.provider.FirebaseInitProvider"
167-->[com.google.firebase:firebase-common:19.3.0] AndroidManifest.xml:27:13-77
168            android:authorities="com.tinderreact.firebaseinitprovider"
168-->[com.google.firebase:firebase-common:19.3.0] AndroidManifest.xml:28:13-72
169            android:exported="false"
169-->[com.google.firebase:firebase-common:19.3.0] AndroidManifest.xml:29:13-37
170            android:initOrder="100" />
170-->[com.google.firebase:firebase-common:19.3.0] AndroidManifest.xml:30:13-36
171
172        <activity
172-->[com.google.android.gms:play-services-base:17.0.0] AndroidManifest.xml:23:9-26:75
173            android:name="com.google.android.gms.common.api.GoogleApiActivity"
173-->[com.google.android.gms:play-services-base:17.0.0] AndroidManifest.xml:24:13-79
174            android:exported="false"
174-->[com.google.android.gms:play-services-base:17.0.0] AndroidManifest.xml:25:13-37
175            android:theme="@android:style/Theme.Translucent.NoTitleBar" />
175-->[com.google.android.gms:play-services-base:17.0.0] AndroidManifest.xml:26:13-72
176
177        <meta-data
177-->[com.google.android.gms:play-services-basement:17.0.0] AndroidManifest.xml:23:9-25:69
178            android:name="com.google.android.gms.version"
178-->[com.google.android.gms:play-services-basement:17.0.0] AndroidManifest.xml:24:13-58
179            android:value="@integer/google_play_services_version" />
179-->[com.google.android.gms:play-services-basement:17.0.0] AndroidManifest.xml:25:13-66
180
181        <service
181-->[com.google.android.datatransport:transport-backend-cct:2.2.0] AndroidManifest.xml:29:9-35:19
182            android:name="com.google.android.datatransport.runtime.backends.TransportBackendDiscovery"
182-->[com.google.android.datatransport:transport-backend-cct:2.2.0] AndroidManifest.xml:30:13-103
183            android:exported="false" >
183-->[com.google.android.datatransport:transport-backend-cct:2.2.0] AndroidManifest.xml:31:13-37
184            <meta-data
184-->[com.google.android.datatransport:transport-backend-cct:2.2.0] AndroidManifest.xml:32:13-34:39
185                android:name="backend:com.google.android.datatransport.cct.CctBackendFactory"
185-->[com.google.android.datatransport:transport-backend-cct:2.2.0] AndroidManifest.xml:33:17-94
186                android:value="cct" />
186-->[com.google.android.datatransport:transport-backend-cct:2.2.0] AndroidManifest.xml:34:17-36
187        </service>
188        <service
188-->[com.google.android.datatransport:transport-runtime:2.2.0] AndroidManifest.xml:26:9-30:19
189            android:name="com.google.android.datatransport.runtime.scheduling.jobscheduling.JobInfoSchedulerService"
189-->[com.google.android.datatransport:transport-runtime:2.2.0] AndroidManifest.xml:27:13-117
190            android:exported="false"
190-->[com.google.android.datatransport:transport-runtime:2.2.0] AndroidManifest.xml:28:13-37
191            android:permission="android.permission.BIND_JOB_SERVICE" >
191-->[com.google.android.datatransport:transport-runtime:2.2.0] AndroidManifest.xml:29:13-69
192        </service>
193
194        <receiver
194-->[com.google.android.datatransport:transport-runtime:2.2.0] AndroidManifest.xml:32:9-34:40
195            android:name="com.google.android.datatransport.runtime.scheduling.jobscheduling.AlarmManagerSchedulerBroadcastReceiver"
195-->[com.google.android.datatransport:transport-runtime:2.2.0] AndroidManifest.xml:33:13-132
196            android:exported="false" />
196-->[com.google.android.datatransport:transport-runtime:2.2.0] AndroidManifest.xml:34:13-37
197    </application>
198
199</manifest>